{"C:\\Users\\Juan Esteban\\Documents\\dojo-jest\\Calculadora.js": {"path":"C:\\Users\\Juan Esteban\\Documents\\dojo-jest\\Calculadora.js","statementMap":{"0":{"start":{"line":3,"column":8},"end":{"line":3,"column":21}},"1":{"start":{"line":7,"column":8},"end":{"line":7,"column":21}},"2":{"start":{"line":10,"column":4},"end":{"line":10,"column":29}},"3":{"start":{"line":11,"column":4},"end":{"line":11,"column":39}}},"fnMap":{"0":{"name":"add","decl":{"start":{"line":2,"column":13},"end":{"line":2,"column":16}},"loc":{"start":{"line":2,"column":23},"end":{"line":4,"column":5}},"line":2},"1":{"name":"subtract","decl":{"start":{"line":6,"column":13},"end":{"line":6,"column":21}},"loc":{"start":{"line":6,"column":28},"end":{"line":8,"column":5}},"line":6}},"branchMap":{},"s":{"0":2,"1":1,"2":1,"3":1},"f":{"0":2,"1":1},"b":{},"_coverageSchema":"1a1c01bbd47fc00a2c39e90264f33305004495a9","hash":"7d16ff35171c9a63bfa35600b6cad85ed9d76fc3"}
,"C:\\Users\\Juan Esteban\\Documents\\dojo-jest\\CodeBreaker.js": {"path":"C:\\Users\\Juan Esteban\\Documents\\dojo-jest\\CodeBreaker.js","statementMap":{"0":{"start":{"line":3,"column":13},"end":{"line":3,"column":19}},"1":{"start":{"line":6,"column":17},"end":{"line":6,"column":19}},"2":{"start":{"line":7,"column":12},"end":{"line":7,"column":13}},"3":{"start":{"line":8,"column":4},"end":{"line":17,"column":5}},"4":{"start":{"line":9,"column":8},"end":{"line":15,"column":9}},"5":{"start":{"line":10,"column":12},"end":{"line":10,"column":26}},"6":{"start":{"line":12,"column":12},"end":{"line":14,"column":13}},"7":{"start":{"line":13,"column":16},"end":{"line":13,"column":30}},"8":{"start":{"line":16,"column":8},"end":{"line":16,"column":12}},"9":{"start":{"line":18,"column":4},"end":{"line":18,"column":18}},"10":{"start":{"line":23,"column":0},"end":{"line":23,"column":27}}},"fnMap":{"0":{"name":"play","decl":{"start":{"line":5,"column":9},"end":{"line":5,"column":13}},"loc":{"start":{"line":5,"column":18},"end":{"line":20,"column":1}},"line":5}},"branchMap":{"0":{"loc":{"start":{"line":9,"column":8},"end":{"line":15,"column":9}},"type":"if","locations":[{"start":{"line":9,"column":8},"end":{"line":15,"column":9}},{"start":{"line":11,"column":13},"end":{"line":15,"column":9}}],"line":9},"1":{"loc":{"start":{"line":12,"column":12},"end":{"line":14,"column":13}},"type":"if","locations":[{"start":{"line":12,"column":12},"end":{"line":14,"column":13}},{"start":{},"end":{}}],"line":12}},"s":{"0":1,"1":13,"2":13,"3":13,"4":52,"5":16,"6":36,"7":17,"8":52,"9":13,"10":1},"f":{"0":13},"b":{"0":[16,36],"1":[17,19]},"_coverageSchema":"1a1c01bbd47fc00a2c39e90264f33305004495a9","hash":"666679c6dfcf2bcfa77653cdeb5fe53b7e54e24e"}
}
