TN:
SF:Calculadora.js
FN:2,add
FN:6,subtract
FNF:2
FNH:2
FNDA:3,add
FNDA:1,subtract
DA:3,3
DA:7,1
DA:10,2
DA:11,2
LF:4
LH:4
BRF:0
BRH:0
end_of_record
TN:
SF:CodeBreaker.js
FN:3,play
FNF:1
FNH:1
FNDA:13,play
DA:4,13
DA:5,13
DA:6,13
DA:7,13
DA:8,52
DA:9,16
DA:11,36
DA:12,17
DA:15,52
DA:17,13
DA:22,1
LF:11
LH:11
BRDA:8,0,0,16
BRDA:8,0,1,36
BRDA:11,1,0,17
BRDA:11,1,1,19
BRF:4
BRH:4
end_of_record
TN:
SF:api.calculator.js
FN:5,(anonymous_0)
FN:13,(anonymous_1)
FNF:2
FNH:1
FNDA:1,(anonymous_0)
FNDA:0,(anonymous_1)
DA:1,1
DA:2,1
DA:3,1
DA:5,1
DA:6,1
DA:7,1
DA:8,1
DA:13,1
DA:14,0
DA:15,0
DA:16,0
DA:22,1
LF:12
LH:9
BRF:0
BRH:0
end_of_record
